# JRE version: Java(TM) SE Runtime Environment (8.0_60-b27) (build 1.8.0_60-b27)
# Java VM: Java HotSpot(TM) 64-Bit Server VM (25.60-b23 mixed mode windows-amd64 compressed oops)
Heap:
 PSYoungGen      total 127488K, used 66321K [0x00000000eab00000, 0x00000000f5080000, 0x0000000100000000)
  eden space 93184K, 57% used [0x00000000eab00000,0x00000000edf60010,0x00000000f0600000)
  from space 34304K, 36% used [0x00000000f0600000,0x00000000f1264428,0x00000000f2780000)
  to   space 32768K, 0% used [0x00000000f3080000,0x00000000f3080000,0x00000000f5080000)
 ParOldGen       total 73216K, used 66419K [0x00000000c0000000, 0x00000000c4780000, 0x00000000eab00000)
  object space 73216K, 90% used [0x00000000c0000000,0x00000000c40dcd30,0x00000000c4780000)
 Metaspace       used 68205K, capacity 71796K, committed 72064K, reserved 1112064K
  class space    used 9064K, capacity 9769K, committed 9856K, reserved 1048576K
GC Heap History (10 events):
Event: 967.461 GC heap before
{Heap before GC invocations=36 (full 4):
 PSYoungGen      total 95232K, used 32114K [0x00000000eab00000, 0x00000000f4480000, 0x0000000100000000)
  eden space 83456K, 24% used [0x00000000eab00000,0x00000000ebf47478,0x00000000efc80000)
  from space 11776K, 96% used [0x00000000eff00000,0x00000000f0a15440,0x00000000f0a80000)
  to   space 36864K, 0% used [0x00000000f2080000,0x00000000f2080000,0x00000000f4480000)
 ParOldGen       total 73216K, used 56320K [0x00000000c0000000, 0x00000000c4780000, 0x00000000eab00000)
  object space 73216K, 76% used [0x00000000c0000000,0x00000000c3700268,0x00000000c4780000)
 Metaspace       used 66360K, capacity 69380K, committed 69632K, reserved 1110016K
  class space    used 8845K, capacity 9422K, committed 9472K, reserved 1048576K
Event: 967.469 GC heap after
Heap after GC invocations=36 (full 4):
 PSYoungGen      total 118272K, used 10554K [0x00000000eab00000, 0x00000000f4280000, 0x0000000100000000)
  eden space 83456K, 0% used [0x00000000eab00000,0x00000000eab00000,0x00000000efc80000)
  from space 34816K, 30% used [0x00000000f2080000,0x00000000f2acea98,0x00000000f4280000)
  to   space 35840K, 0% used [0x00000000efc80000,0x00000000efc80000,0x00000000f1f80000)
 ParOldGen       total 73216K, used 56328K [0x00000000c0000000, 0x00000000c4780000, 0x00000000eab00000)
  object space 73216K, 76% used [0x00000000c0000000,0x00000000c3702268,0x00000000c4780000)
 Metaspace       used 66360K, capacity 69380K, committed 69632K, reserved 1110016K
  class space    used 8845K, capacity 9422K, committed 9472K, reserved 1048576K
}
Event: 967.469 GC heap before
{Heap before GC invocations=37 (full 5):
 PSYoungGen      total 118272K, used 10554K [0x00000000eab00000, 0x00000000f4280000, 0x0000000100000000)
  eden space 83456K, 0% used [0x00000000eab00000,0x00000000eab00000,0x00000000efc80000)
  from space 34816K, 30% used [0x00000000f2080000,0x00000000f2acea98,0x00000000f4280000)
  to   space 35840K, 0% used [0x00000000efc80000,0x00000000efc80000,0x00000000f1f80000)
 ParOldGen       total 73216K, used 56328K [0x00000000c0000000, 0x00000000c4780000, 0x00000000eab00000)
  object space 73216K, 76% used [0x00000000c0000000,0x00000000c3702268,0x00000000c4780000)
 Metaspace       used 66360K, capacity 69380K, committed 69632K, reserved 1110016K
  class space    used 8845K, capacity 9422K, committed 9472K, reserved 1048576K
Event: 968.071 GC heap after
Heap after GC invocations=37 (full 5):
 PSYoungGen      total 118272K, used 0K [0x00000000eab00000, 0x00000000f4280000, 0x0000000100000000)
  eden space 83456K, 0% used [0x00000000eab00000,0x00000000eab00000,0x00000000efc80000)
  from space 34816K, 0% used [0x00000000f2080000,0x00000000f2080000,0x00000000f4280000)
  to   space 35840K, 0% used [0x00000000efc80000,0x00000000efc80000,0x00000000f1f80000)
 ParOldGen       total 73216K, used 66395K [0x00000000c0000000, 0x00000000c4780000, 0x00000000eab00000)
  object space 73216K, 90% used [0x00000000c0000000,0x00000000c40d6d30,0x00000000c4780000)
 Metaspace       used 66329K, capacity 69286K, committed 69632K, reserved 1110016K
  class space    used 8835K, capacity 9412K, committed 9472K, reserved 1048576K
}
Event: 1058.149 GC heap before
{Heap before GC invocations=38 (full 5):
 PSYoungGen      total 118272K, used 83456K [0x00000000eab00000, 0x00000000f4280000, 0x0000000100000000)
  eden space 83456K, 100% used [0x00000000eab00000,0x00000000efc80000,0x00000000efc80000)
  from space 34816K, 0% used [0x00000000f2080000,0x00000000f2080000,0x00000000f4280000)
  to   space 35840K, 0% used [0x00000000efc80000,0x00000000efc80000,0x00000000f1f80000)
 ParOldGen       total 73216K, used 66395K [0x00000000c0000000, 0x00000000c4780000, 0x00000000eab00000)
  object space 73216K, 90% used [0x00000000c0000000,0x00000000c40d6d30,0x00000000c4780000)
 Metaspace       used 66822K, capacity 69990K, committed 70272K, reserved 1110016K
  class space    used 8877K, capacity 9493K, committed 9600K, reserved 1048576K
Event: 1058.153 GC heap after
Heap after GC invocations=38 (full 5):
 PSYoungGen      total 119296K, used 3072K [0x00000000eab00000, 0x00000000f4a80000, 0x0000000100000000)
  eden space 83456K, 0% used [0x00000000eab00000,0x00000000eab00000,0x00000000efc80000)
  from space 35840K, 8% used [0x00000000efc80000,0x00000000eff80000,0x00000000f1f80000)
  to   space 35840K, 0% used [0x00000000f2780000,0x00000000f2780000,0x00000000f4a80000)
 ParOldGen       total 73216K, used 66403K [0x00000000c0000000, 0x00000000c4780000, 0x00000000eab00000)
  object space 73216K, 90% used [0x00000000c0000000,0x00000000c40d8d30,0x00000000c4780000)
 Metaspace       used 66822K, capacity 69990K, committed 70272K, reserved 1110016K
  class space    used 8877K, capacity 9493K, committed 9600K, reserved 1048576K
}
Event: 1058.879 GC heap before
{Heap before GC invocations=39 (full 5):
 PSYoungGen      total 119296K, used 86528K [0x00000000eab00000, 0x00000000f4a80000, 0x0000000100000000)
  eden space 83456K, 100% used [0x00000000eab00000,0x00000000efc80000,0x00000000efc80000)
  from space 35840K, 8% used [0x00000000efc80000,0x00000000eff80000,0x00000000f1f80000)
  to   space 35840K, 0% used [0x00000000f2780000,0x00000000f2780000,0x00000000f4a80000)
 ParOldGen       total 73216K, used 66403K [0x00000000c0000000, 0x00000000c4780000, 0x00000000eab00000)
  object space 73216K, 90% used [0x00000000c0000000,0x00000000c40d8d30,0x00000000c4780000)
 Metaspace       used 67209K, capacity 70452K, committed 70528K, reserved 1110016K
  class space    used 8908K, capacity 9557K, committed 9600K, reserved 1048576K
Event: 1058.890 GC heap after
Heap after GC invocations=39 (full 5):
 PSYoungGen      total 129024K, used 9904K [0x00000000eab00000, 0x00000000f4a80000, 0x0000000100000000)
  eden space 93184K, 0% used [0x00000000eab00000,0x00000000eab00000,0x00000000f0600000)
  from space 35840K, 27% used [0x00000000f2780000,0x00000000f312c010,0x00000000f4a80000)
  to   space 34304K, 0% used [0x00000000f0600000,0x00000000f0600000,0x00000000f2780000)
 ParOldGen       total 73216K, used 66411K [0x00000000c0000000, 0x00000000c4780000, 0x00000000eab00000)
  object space 73216K, 90% used [0x00000000c0000000,0x00000000c40dad30,0x00000000c4780000)
 Metaspace       used 67209K, capacity 70452K, committed 70528K, reserved 1110016K
  class space    used 8908K, capacity 9557K, committed 9600K, reserved 1048576K
}
Event: 1071.409 GC heap before
{Heap before GC invocations=40 (full 5):
 PSYoungGen      total 129024K, used 103088K [0x00000000eab00000, 0x00000000f4a80000, 0x0000000100000000)
  eden space 93184K, 100% used [0x00000000eab00000,0x00000000f0600000,0x00000000f0600000)
  from space 35840K, 27% used [0x00000000f2780000,0x00000000f312c010,0x00000000f4a80000)
  to   space 34304K, 0% used [0x00000000f0600000,0x00000000f0600000,0x00000000f2780000)
 ParOldGen       total 73216K, used 66411K [0x00000000c0000000, 0x00000000c4780000, 0x00000000eab00000)
  object space 73216K, 90% used [0x00000000c0000000,0x00000000c40dad30,0x00000000c4780000)
 Metaspace       used 68030K, capacity 71606K, committed 71808K, reserved 1112064K
  class space    used 9053K, capacity 9756K, committed 9856K, reserved 1048576K
Event: 1071.428 GC heap after
Heap after GC invocations=40 (full 5):
 PSYoungGen      total 127488K, used 12689K [0x00000000eab00000, 0x00000000f5080000, 0x0000000100000000)
  eden space 93184K, 0% used [0x00000000eab00000,0x00000000eab00000,0x00000000f0600000)
  from space 34304K, 36% used [0x00000000f0600000,0x00000000f1264428,0x00000000f2780000)
  to   space 32768K, 0% used [0x00000000f3080000,0x00000000f3080000,0x00000000f5080000)
 ParOldGen       total 73216K, used 66419K [0x00000000c0000000, 0x00000000c4780000, 0x00000000eab00000)
  object space 73216K, 90% used [0x00000000c0000000,0x00000000c40dcd30,0x00000000c4780000)
 Metaspace       used 68030K, capacity 71606K, committed 71808K, reserved 1112064K
  class space    used 9053K, capacity 9756K, committed 9856K, reserved 1048576K
}

